-- 1. Get UserIds
select userID from auth.dbo.users WITH (NOLOCK) where createDT='2022-11-14' and username like 'SIGNIFYHEALTHUSER%';

-- 2. complete training
update auth.dbo.users WITH (ROWLOCK) set completedTraining=1, lastActivityDT='2022-11-14', lastLoginDT='2022-11-14' where createDT='2022-11-14' and username like 'SIGNIFYHEALTHUSER%';

-- 3. Get CenterID
select centerID from outcomes.dbo.pharmacy WITH (NOLOCK) where NCPDP_NABP='99B344'; 

-- 4. Update Emailid of existing users
update outcomes.dbo.contact with (rowlock) set email='GMB-SignifyHealthUsers@getoutcomes.com' where userID in (select userID from auth.dbo.users with(nolock) where username like 'SIGNIFYHEALTHUSER%');

-- 5. bulk update user center by query



------------------------------------------- 168 User Rec -----------------------------------------

insert into outcomes.dbo.userCenter WITH (ROWLOCK) (userID,centerID,requestDT,approved,approvedDT,active,selected) values (494634,192719,'2022-11-14', 1,'2022-11-14',1,1);
insert into outcomes.dbo.userCenter WITH (ROWLOCK) (userID,centerID,requestDT,approved,approvedDT,active,selected) values (494635,192719,'2022-11-14', 1,'2022-11-14',1,1);
insert into outcomes.dbo.userCenter WITH (ROWLOCK) (userID,centerID,requestDT,approved,approvedDT,active,selected) values (494636,192719,'2022-11-14', 1,'2022-11-14',1,1);
insert into outcomes.dbo.userCenter WITH (ROWLOCK) (userID,centerID,requestDT,approved,approvedDT,active,selected) values (494637,192719,'2022-11-14', 1,'2022-11-14',1,1);
insert into outcomes.dbo.userCenter WITH (ROWLOCK) (userID,centerID,requestDT,approved,approvedDT,active,selected) values (494638,192719,'2022-11-14', 1,'2022-11-14',1,1);
insert into outcomes.dbo.userCenter WITH (ROWLOCK) (userID,centerID,requestDT,approved,approvedDT,active,selected) values (494639,192719,'2022-11-14', 1,'2022-11-14',1,1);
insert into outcomes.dbo.userCenter WITH (ROWLOCK) (userID,centerID,requestDT,approved,approvedDT,active,selected) values (494640,192719,'2022-11-14', 1,'2022-11-14',1,1);
insert into outcomes.dbo.userCenter WITH (ROWLOCK) (userID,centerID,requestDT,approved,approvedDT,active,selected) values (494641,192719,'2022-11-14', 1,'2022-11-14',1,1);
insert into outcomes.dbo.userCenter WITH (ROWLOCK) (userID,centerID,requestDT,approved,approvedDT,active,selected) values (494642,192719,'2022-11-14', 1,'2022-11-14',1,1);
insert into outcomes.dbo.userCenter WITH (ROWLOCK) (userID,centerID,requestDT,approved,approvedDT,active,selected) values (494643,192719,'2022-11-14', 1,'2022-11-14',1,1);
insert into outcomes.dbo.userCenter WITH (ROWLOCK) (userID,centerID,requestDT,approved,approvedDT,active,selected) values (494644,192719,'2022-11-14', 1,'2022-11-14',1,1);
insert into outcomes.dbo.userCenter WITH (ROWLOCK) (userID,centerID,requestDT,approved,approvedDT,active,selected) values (494645,192719,'2022-11-14', 1,'2022-11-14',1,1);
insert into outcomes.dbo.userCenter WITH (ROWLOCK) (userID,centerID,requestDT,approved,approvedDT,active,selected) values (494646,192719,'2022-11-14', 1,'2022-11-14',1,1);
insert into outcomes.dbo.userCenter WITH (ROWLOCK) (userID,centerID,requestDT,approved,approvedDT,active,selected) values (494647,192719,'2022-11-14', 1,'2022-11-14',1,1);
insert into outcomes.dbo.userCenter WITH (ROWLOCK) (userID,centerID,requestDT,approved,approvedDT,active,selected) values (494648,192719,'2022-11-14', 1,'2022-11-14',1,1);
insert into outcomes.dbo.userCenter WITH (ROWLOCK) (userID,centerID,requestDT,approved,approvedDT,active,selected) values (494649,192719,'2022-11-14', 1,'2022-11-14',1,1);
insert into outcomes.dbo.userCenter WITH (ROWLOCK) (userID,centerID,requestDT,approved,approvedDT,active,selected) values (494650,192719,'2022-11-14', 1,'2022-11-14',1,1);
insert into outcomes.dbo.userCenter WITH (ROWLOCK) (userID,centerID,requestDT,approved,approvedDT,active,selected) values (494651,192719,'2022-11-14', 1,'2022-11-14',1,1);
insert into outcomes.dbo.userCenter WITH (ROWLOCK) (userID,centerID,requestDT,approved,approvedDT,active,selected) values (494652,192719,'2022-11-14', 1,'2022-11-14',1,1);
insert into outcomes.dbo.userCenter WITH (ROWLOCK) (userID,centerID,requestDT,approved,approvedDT,active,selected) values (494653,192719,'2022-11-14', 1,'2022-11-14',1,1);
insert into outcomes.dbo.userCenter WITH (ROWLOCK) (userID,centerID,requestDT,approved,approvedDT,active,selected) values (494654,192719,'2022-11-14', 1,'2022-11-14',1,1);
insert into outcomes.dbo.userCenter WITH (ROWLOCK) (userID,centerID,requestDT,approved,approvedDT,active,selected) values (494655,192719,'2022-11-14', 1,'2022-11-14',1,1);
insert into outcomes.dbo.userCenter WITH (ROWLOCK) (userID,centerID,requestDT,approved,approvedDT,active,selected) values (494656,192719,'2022-11-14', 1,'2022-11-14',1,1);
insert into outcomes.dbo.userCenter WITH (ROWLOCK) (userID,centerID,requestDT,approved,approvedDT,active,selected) values (494657,192719,'2022-11-14', 1,'2022-11-14',1,1);
insert into outcomes.dbo.userCenter WITH (ROWLOCK) (userID,centerID,requestDT,approved,approvedDT,active,selected) values (494658,192719,'2022-11-14', 1,'2022-11-14',1,1);
insert into outcomes.dbo.userCenter WITH (ROWLOCK) (userID,centerID,requestDT,approved,approvedDT,active,selected) values (494659192719,'2022-11-14', 1,'2022-11-14',1,1);
insert into outcomes.dbo.userCenter WITH (ROWLOCK) (userID,centerID,requestDT,approved,approvedDT,active,selected) values (494660192719,'2022-11-14', 1,'2022-11-14',1,1);
insert into outcomes.dbo.userCenter WITH (ROWLOCK) (userID,centerID,requestDT,approved,approvedDT,active,selected) values (494661192719,'2022-11-14', 1,'2022-11-14',1,1);
insert into outcomes.dbo.userCenter WITH (ROWLOCK) (userID,centerID,requestDT,approved,approvedDT,active,selected) values (494662192719,'2022-11-14', 1,'2022-11-14',1,1);
insert into outcomes.dbo.userCenter WITH (ROWLOCK) (userID,centerID,requestDT,approved,approvedDT,active,selected) values (494663192719,'2022-11-14', 1,'2022-11-14',1,1);
insert into outcomes.dbo.userCenter WITH (ROWLOCK) (userID,centerID,requestDT,approved,approvedDT,active,selected) values (494665192719,'2022-11-14', 1,'2022-11-14',1,1);
insert into outcomes.dbo.userCenter WITH (ROWLOCK) (userID,centerID,requestDT,approved,approvedDT,active,selected) values (494666192719,'2022-11-14', 1,'2022-11-14',1,1);
insert into outcomes.dbo.userCenter WITH (ROWLOCK) (userID,centerID,requestDT,approved,approvedDT,active,selected) values (494667192719,'2022-11-14', 1,'2022-11-14',1,1);
insert into outcomes.dbo.userCenter WITH (ROWLOCK) (userID,centerID,requestDT,approved,approvedDT,active,selected) values (494668192719,'2022-11-14', 1,'2022-11-14',1,1);
insert into outcomes.dbo.userCenter WITH (ROWLOCK) (userID,centerID,requestDT,approved,approvedDT,active,selected) values (494669192719,'2022-11-14', 1,'2022-11-14',1,1);
insert into outcomes.dbo.userCenter WITH (ROWLOCK) (userID,centerID,requestDT,approved,approvedDT,active,selected) values (494670192719,'2022-11-14', 1,'2022-11-14',1,1);
insert into outcomes.dbo.userCenter WITH (ROWLOCK) (userID,centerID,requestDT,approved,approvedDT,active,selected) values (494671192719,'2022-11-14', 1,'2022-11-14',1,1);
insert into outcomes.dbo.userCenter WITH (ROWLOCK) (userID,centerID,requestDT,approved,approvedDT,active,selected) values (494672192719,'2022-11-14', 1,'2022-11-14',1,1);
insert into outcomes.dbo.userCenter WITH (ROWLOCK) (userID,centerID,requestDT,approved,approvedDT,active,selected) values (494673192719,'2022-11-14', 1,'2022-11-14',1,1);
insert into outcomes.dbo.userCenter WITH (ROWLOCK) (userID,centerID,requestDT,approved,approvedDT,active,selected) values (494674192719,'2022-11-14', 1,'2022-11-14',1,1);
insert into outcomes.dbo.userCenter WITH (ROWLOCK) (userID,centerID,requestDT,approved,approvedDT,active,selected) values (494675192719,'2022-11-14', 1,'2022-11-14',1,1);
insert into outcomes.dbo.userCenter WITH (ROWLOCK) (userID,centerID,requestDT,approved,approvedDT,active,selected) values (494676192719,'2022-11-14', 1,'2022-11-14',1,1);
insert into outcomes.dbo.userCenter WITH (ROWLOCK) (userID,centerID,requestDT,approved,approvedDT,active,selected) values (494677192719,'2022-11-14', 1,'2022-11-14',1,1);
insert into outcomes.dbo.userCenter WITH (ROWLOCK) (userID,centerID,requestDT,approved,approvedDT,active,selected) values (494678192719,'2022-11-14', 1,'2022-11-14',1,1);
insert into outcomes.dbo.userCenter WITH (ROWLOCK) (userID,centerID,requestDT,approved,approvedDT,active,selected) values (494679192719,'2022-11-14', 1,'2022-11-14',1,1);
insert into outcomes.dbo.userCenter WITH (ROWLOCK) (userID,centerID,requestDT,approved,approvedDT,active,selected) values (494680192719,'2022-11-14', 1,'2022-11-14',1,1);
insert into outcomes.dbo.userCenter WITH (ROWLOCK) (userID,centerID,requestDT,approved,approvedDT,active,selected) values (494681192719,'2022-11-14', 1,'2022-11-14',1,1);
insert into outcomes.dbo.userCenter WITH (ROWLOCK) (userID,centerID,requestDT,approved,approvedDT,active,selected) values (494682192719,'2022-11-14', 1,'2022-11-14',1,1);



